<?xml version="1.0" encoding="UTF-8"?>
<!-- Generated by org.testng.reporters.JUnitReportReporter -->
<testsuite skipped="0" hostname="BDC6-DX-3PQ5N62" name="com.test.TestkeyboardActions" tests="1" failures="0" timestamp="19 Apr 2019 09:18:34 GMT" time="12.203" errors="0">
  <testcase name="testkeyboard" time="12.203" classname="com.test.TestkeyboardActions"/>
</testsuite> <!-- com.test.TestkeyboardActions -->
