<?xml version="1.0" encoding="UTF-8"?>
<!-- Generated by org.testng.reporters.JUnitReportReporter -->
<testsuite skipped="0" hostname="BDC6-DX-3PQ5N62" name="com.test.ReadDataExcel" tests="1" failures="0" timestamp="22 Apr 2019 06:05:26 GMT" time="0.848" errors="0">
  <testcase name="testReadExcel" time="0.848" classname="com.test.ReadDataExcel"/>
</testsuite> <!-- com.test.ReadDataExcel -->
