<?xml version="1.0" encoding="UTF-8"?>
<!-- Generated by org.testng.reporters.JUnitReportReporter -->
<testsuite skipped="0" hostname="BDC6-DX-3PQ5N62" name="com.test.TestDrag" tests="1" failures="0" timestamp="22 Apr 2019 02:39:52 GMT" time="15.058" errors="0">
  <testcase name="testDragDrop" time="15.058" classname="com.test.TestDrag"/>
</testsuite> <!-- com.test.TestDrag -->
