<?xml version="1.0" encoding="UTF-8"?>
<!-- Generated by org.testng.reporters.JUnitReportReporter -->
<testsuite skipped="0" hostname="BDC6-DX-3PQ5N62" name="com.test.TestAddress" tests="1" failures="0" timestamp="19 Apr 2019 11:20:49 GMT" time="9.656" errors="0">
  <testcase name="testMe" time="9.656" classname="com.test.TestAddress"/>
</testsuite> <!-- com.test.TestAddress -->
